# JRE version: Java(TM) SE Runtime Environment 18.9 (11.0.10+8) (build 11.0.10+8-LTS-162)
# Java VM: Java HotSpot(TM) 64-Bit Server VM 18.9 (11.0.10+8-LTS-162, mixed mode, tiered, compressed oops, parallel gc, windows-amd64)
Heap:
 PSYoungGen      total 28160K, used 46K [0x00000000eab00000, 0x00000000ed080000, 0x0000000100000000)
  eden space 21504K, 0% used [0x00000000eab00000,0x00000000eab0ba78,0x00000000ec000000)
  from space 6656K, 0% used [0x00000000ec600000,0x00000000ec600000,0x00000000ecc80000)
  to   space 2560K, 0% used [0x00000000ece00000,0x00000000ece00000,0x00000000ed080000)
 ParOldGen       total 68608K, used 24615K [0x00000000c0000000, 0x00000000c4300000, 0x00000000eab00000)
  object space 68608K, 35% used [0x00000000c0000000,0x00000000c1809e80,0x00000000c4300000)
 Metaspace       used 33396K, capacity 35303K, committed 35416K, reserved 1081344K
  class space    used 3161K, capacity 3882K, committed 3968K, reserved 1048576K
GC Heap History (10 events):
Event: 5.505 GC heap before
{Heap before GC invocations=13 (full 1):
 PSYoungGen      total 24576K, used 24384K [0x00000000eab00000, 0x00000000ec700000, 0x0000000100000000)
  eden space 22016K, 100% used [0x00000000eab00000,0x00000000ec080000,0x00000000ec080000)
  from space 2560K, 92% used [0x00000000ec280000,0x00000000ec4d0010,0x00000000ec500000)
  to   space 2048K, 0% used [0x00000000ec500000,0x00000000ec500000,0x00000000ec700000)
 ParOldGen       total 68608K, used 16143K [0x00000000c0000000, 0x00000000c4300000, 0x00000000eab00000)
  object space 68608K, 23% used [0x00000000c0000000,0x00000000c0fc3f90,0x00000000c4300000)
 Metaspace       used 31461K, capacity 33323K, committed 33536K, reserved 1079296K
  class space    used 3022K, capacity 3713K, committed 3840K, reserved 1048576K
}
Event: 5.533 GC heap after
{Heap after GC invocations=13 (full 1):
 PSYoungGen      total 23552K, used 2016K [0x00000000eab00000, 0x00000000eca80000, 0x0000000100000000)
  eden space 21504K, 0% used [0x00000000eab00000,0x00000000eab00000,0x00000000ec000000)
  from space 2048K, 98% used [0x00000000ec500000,0x00000000ec6f8010,0x00000000ec700000)
  to   space 5120K, 0% used [0x00000000ec000000,0x00000000ec000000,0x00000000ec500000)
 ParOldGen       total 68608K, used 18504K [0x00000000c0000000, 0x00000000c4300000, 0x00000000eab00000)
  object space 68608K, 26% used [0x00000000c0000000,0x00000000c12120f0,0x00000000c4300000)
 Metaspace       used 31461K, capacity 33323K, committed 33536K, reserved 1079296K
  class space    used 3022K, capacity 3713K, committed 3840K, reserved 1048576K
}
Event: 5.570 GC heap before
{Heap before GC invocations=14 (full 1):
 PSYoungGen      total 23552K, used 23520K [0x00000000eab00000, 0x00000000eca80000, 0x0000000100000000)
  eden space 21504K, 100% used [0x00000000eab00000,0x00000000ec000000,0x00000000ec000000)
  from space 2048K, 98% used [0x00000000ec500000,0x00000000ec6f8010,0x00000000ec700000)
  to   space 5120K, 0% used [0x00000000ec000000,0x00000000ec000000,0x00000000ec500000)
 ParOldGen       total 68608K, used 18504K [0x00000000c0000000, 0x00000000c4300000, 0x00000000eab00000)
  object space 68608K, 26% used [0x00000000c0000000,0x00000000c12120f0,0x00000000c4300000)
 Metaspace       used 31461K, capacity 33323K, committed 33536K, reserved 1079296K
  class space    used 3022K, capacity 3713K, committed 3840K, reserved 1048576K
}
Event: 5.593 GC heap after
{Heap after GC invocations=14 (full 1):
 PSYoungGen      total 26624K, used 1920K [0x00000000eab00000, 0x00000000ed300000, 0x0000000100000000)
  eden space 21504K, 0% used [0x00000000eab00000,0x00000000eab00000,0x00000000ec000000)
  from space 5120K, 37% used [0x00000000ec000000,0x00000000ec1e0000,0x00000000ec500000)
  to   space 3072K, 0% used [0x00000000ed000000,0x00000000ed000000,0x00000000ed300000)
 ParOldGen       total 68608K, used 20536K [0x00000000c0000000, 0x00000000c4300000, 0x00000000eab00000)
  object space 68608K, 29% used [0x00000000c0000000,0x00000000c140e100,0x00000000c4300000)
 Metaspace       used 31461K, capacity 33323K, committed 33536K, reserved 1079296K
  class space    used 3022K, capacity 3713K, committed 3840K, reserved 1048576K
}
Event: 6.038 GC heap before
{Heap before GC invocations=15 (full 1):
 PSYoungGen      total 26624K, used 23424K [0x00000000eab00000, 0x00000000ed300000, 0x0000000100000000)
  eden space 21504K, 100% used [0x00000000eab00000,0x00000000ec000000,0x00000000ec000000)
  from space 5120K, 37% used [0x00000000ec000000,0x00000000ec1e0000,0x00000000ec500000)
  to   space 3072K, 0% used [0x00000000ed000000,0x00000000ed000000,0x00000000ed300000)
 ParOldGen       total 68608K, used 20536K [0x00000000c0000000, 0x00000000c4300000, 0x00000000eab00000)
  object space 68608K, 29% used [0x00000000c0000000,0x00000000c140e100,0x00000000c4300000)
 Metaspace       used 32003K, capacity 33991K, committed 34048K, reserved 1079296K
  class space    used 3059K, capacity 3786K, committed 3840K, reserved 1048576K
}
Event: 6.082 GC heap after
{Heap after GC invocations=15 (full 1):
 PSYoungGen      total 24576K, used 3055K [0x00000000eab00000, 0x00000000ed300000, 0x0000000100000000)
  eden space 21504K, 0% used [0x00000000eab00000,0x00000000eab00000,0x00000000ec000000)
  from space 3072K, 99% used [0x00000000ed000000,0x00000000ed2fbfe8,0x00000000ed300000)
  to   space 6656K, 0% used [0x00000000ec600000,0x00000000ec600000,0x00000000ecc80000)
 ParOldGen       total 68608K, used 23017K [0x00000000c0000000, 0x00000000c4300000, 0x00000000eab00000)
  object space 68608K, 33% used [0x00000000c0000000,0x00000000c167a468,0x00000000c4300000)
 Metaspace       used 32003K, capacity 33991K, committed 34048K, reserved 1079296K
  class space    used 3059K, capacity 3786K, committed 3840K, reserved 1048576K
}
Event: 6.254 GC heap before
{Heap before GC invocations=16 (full 1):
 PSYoungGen      total 24576K, used 20208K [0x00000000eab00000, 0x00000000ed300000, 0x0000000100000000)
  eden space 21504K, 79% used [0x00000000eab00000,0x00000000ebbc01b8,0x00000000ec000000)
  from space 3072K, 99% used [0x00000000ed000000,0x00000000ed2fbfe8,0x00000000ed300000)
  to   space 6656K, 0% used [0x00000000ec600000,0x00000000ec600000,0x00000000ecc80000)
 ParOldGen       total 68608K, used 23017K [0x00000000c0000000, 0x00000000c4300000, 0x00000000eab00000)
  object space 68608K, 33% used [0x00000000c0000000,0x00000000c167a468,0x00000000c4300000)
 Metaspace       used 33396K, capacity 35303K, committed 35416K, reserved 1081344K
  class space    used 3161K, capacity 3882K, committed 3968K, reserved 1048576K
}
Event: 6.263 GC heap after
{Heap after GC invocations=16 (full 1):
 PSYoungGen      total 28160K, used 598K [0x00000000eab00000, 0x00000000ed080000, 0x0000000100000000)
  eden space 21504K, 0% used [0x00000000eab00000,0x00000000eab00000,0x00000000ec000000)
  from space 6656K, 8% used [0x00000000ec600000,0x00000000ec695ba0,0x00000000ecc80000)
  to   space 2560K, 0% used [0x00000000ece00000,0x00000000ece00000,0x00000000ed080000)
 ParOldGen       total 68608K, used 25513K [0x00000000c0000000, 0x00000000c4300000, 0x00000000eab00000)
  object space 68608K, 37% used [0x00000000c0000000,0x00000000c18ea518,0x00000000c4300000)
 Metaspace       used 33396K, capacity 35303K, committed 35416K, reserved 1081344K
  class space    used 3161K, capacity 3882K, committed 3968K, reserved 1048576K
}
Event: 6.263 GC heap before
{Heap before GC invocations=17 (full 2):
 PSYoungGen      total 28160K, used 598K [0x00000000eab00000, 0x00000000ed080000, 0x0000000100000000)
  eden space 21504K, 0% used [0x00000000eab00000,0x00000000eab00000,0x00000000ec000000)
  from space 6656K, 8% used [0x00000000ec600000,0x00000000ec695ba0,0x00000000ecc80000)
  to   space 2560K, 0% used [0x00000000ece00000,0x00000000ece00000,0x00000000ed080000)
 ParOldGen       total 68608K, used 25513K [0x00000000c0000000, 0x00000000c4300000, 0x00000000eab00000)
  object space 68608K, 37% used [0x00000000c0000000,0x00000000c18ea518,0x00000000c4300000)
 Metaspace       used 33396K, capacity 35303K, committed 35416K, reserved 1081344K
  class space    used 3161K, capacity 3882K, committed 3968K, reserved 1048576K
}
Event: 6.462 GC heap after
{Heap after GC invocations=17 (full 2):
 PSYoungGen      total 28160K, used 0K [0x00000000eab00000, 0x00000000ed080000, 0x0000000100000000)
  eden space 21504K, 0% used [0x00000000eab00000,0x00000000eab00000,0x00000000ec000000)
  from space 6656K, 0% used [0x00000000ec600000,0x00000000ec600000,0x00000000ecc80000)
  to   space 2560K, 0% used [0x00000000ece00000,0x00000000ece00000,0x00000000ed080000)
 ParOldGen       total 68608K, used 24615K [0x00000000c0000000, 0x00000000c4300000, 0x00000000eab00000)
  object space 68608K, 35% used [0x00000000c0000000,0x00000000c1809e80,0x00000000c4300000)
 Metaspace       used 33396K, capacity 35303K, committed 35416K, reserved 1081344K
  class space    used 3161K, capacity 3882K, committed 3968K, reserved 1048576K
}

